\BOOKMARK [-1][-]{part.1}{\376\377\000I\000\040\000I\000n\000t\000r\000o\000d\000u\000c\000t\000i\000o\000n}{}% 1
\BOOKMARK [0][-]{chapter.1}{\376\377\000B\000a\000c\000k\000g\000r\000o\000u\000n\000d\000\040\000a\000n\000d\000\040\000m\000o\000t\000i\000v\000a\000t\000i\000o\000n}{part.1}% 2
\BOOKMARK [0][-]{chapter.2}{\376\377\000R\000e\000s\000e\000a\000r\000c\000h\000\040\000q\000u\000e\000s\000t\000i\000o\000n\000s\000\040\000a\000n\000d\000\040\000o\000b\000j\000e\000c\000t\000i\000v\000e\000s}{part.1}% 3
\BOOKMARK [0][-]{chapter.3}{\376\377\000S\000c\000o\000p\000e\000\040\000a\000n\000d\000\040\000l\000i\000m\000i\000t\000a\000t\000i\000o\000n\000s}{part.1}% 4
\BOOKMARK [-1][-]{part.2}{\376\377\000I\000I\000\040\000L\000i\000t\000e\000r\000a\000t\000u\000r\000e\000\040\000R\000e\000v\000i\000e\000w}{}% 5
\BOOKMARK [0][-]{chapter.4}{\376\377\000O\000v\000e\000r\000v\000i\000e\000w\000\040\000o\000f\000\040\000R\000O\000S\0001\000\040\000a\000n\000d\000\040\000R\000O\000S\0002}{part.2}% 6
\BOOKMARK [1][-]{section.4.1}{\376\377\000S\000t\000r\000u\000c\000t\000u\000r\000e\000\040\000o\000f\000\040\000R\000O\000S}{chapter.4}% 7
\BOOKMARK [1][-]{section.4.2}{\376\377\000T\000o\000o\000l\000s\000\040\000o\000f\000\040\000R\000O\000S}{chapter.4}% 8
\BOOKMARK [0][-]{chapter.5}{\376\377\000I\000n\000t\000r\000o\000d\000u\000c\000t\000i\000o\000n\000\040\000t\000o\000\040\000N\000A\000V\0002\000\040\000a\000n\000d\000\040\000G\000o\000o\000g\000l\000e\000\040\000C\000a\000r\000t\000o\000g\000r\000a\000p\000h\000e\000r}{part.2}% 9
\BOOKMARK [1][-]{section.5.1}{\376\377\000D\000e\000s\000c\000r\000i\000p\000t\000i\000o\000n\000\040\000o\000f\000\040\000N\000a\000v\0002}{chapter.5}% 10
\BOOKMARK [2][-]{subsection.5.1.1}{\376\377\000C\000a\000r\000t\000o\000g\000r\000a\000p\000h\000e\000r}{section.5.1}% 11
\BOOKMARK [0][-]{chapter.6}{\376\377\000R\000e\000v\000i\000e\000w\000\040\000o\000f\000\040\000r\000e\000l\000a\000t\000e\000d\000\040\000w\000o\000r\000k\000\040\000o\000n\000\040\000p\000o\000r\000t\000i\000n\000g\000\040\000n\000a\000v\000i\000g\000a\000t\000i\000o\000n\000\040\000s\000t\000a\000c\000k\000\040\000f\000r\000o\000m\000\040\000R\000O\000S\000\040\0001\000\040\000t\000o\000\040\000R\000O\000S\000\040\0002}{part.2}% 12
\BOOKMARK [0][-]{chapter.7}{\376\377\000O\000v\000e\000r\000v\000i\000e\000w\000\040\000o\000f\000\040\000o\000p\000e\000n\000\040\000s\000o\000u\000r\000c\000e\000\040\000f\000l\000e\000e\000t\000\040\000m\000a\000n\000a\000g\000e\000m\000e\000n\000t\000\040\000s\000y\000s\000t\000e\000m\000s\000,\000\040\000p\000a\000r\000t\000i\000c\000u\000l\000a\000r\000l\000y\000\040\000O\000p\000e\000n\000-\000R\000M\000F}{part.2}% 13
\BOOKMARK [1][-]{section.7.1}{\376\377\000O\000p\000e\000n\000-\000R\000M\000F\000\040\000d\000e\000s\000c\000r\000i\000p\000t\000i\000o\000n}{chapter.7}% 14
\BOOKMARK [-1][-]{part.3}{\376\377\000I\000I\000I\000\040\000M\000e\000t\000h\000o\000d\000o\000l\000o\000g\000y}{}% 15
\BOOKMARK [0][-]{chapter.8}{\376\377\000D\000e\000s\000c\000r\000i\000p\000t\000i\000o\000n\000\040\000o\000f\000\040\000r\000e\000s\000e\000a\000r\000c\000h\000\040\000p\000l\000a\000t\000f\000o\000r\000m\000\040\000a\000n\000d\000\040\000h\000a\000r\000d\000w\000a\000r\000e\000\040\000u\000s\000e\000d}{part.3}% 16
\BOOKMARK [0][-]{chapter.9}{\376\377\000S\000t\000e\000p\000s\000\040\000t\000a\000k\000e\000n\000\040\000t\000o\000\040\000p\000o\000r\000t\000\040\000t\000h\000e\000\040\000n\000a\000v\000i\000g\000a\000t\000i\000o\000n\000\040\000s\000t\000a\000c\000k\000\040\000f\000r\000o\000m\000\040\000R\000O\000S\000\040\0001\000\040\000t\000o\000\040\000R\000O\000S\000\040\0002}{part.3}% 17
\BOOKMARK [1][-]{section.9.1}{\376\377\000O\000d\000o\000m\000e\000t\000r\000y\000\040\000E\000s\000t\000i\000m\000a\000t\000i\000o\000n\000\040\000o\000d\000o\000m\000\040\000\040\000b\000a\000s\000e\000\137\000l\000i\000n\000k}{chapter.9}% 18
\BOOKMARK [2][-]{subsection.9.1.1}{\376\377\000C\000o\000n\000f\000i\000g\000u\000r\000a\000t\000i\000o\000n\000\040\000O\000d\000o\000m\000e\000t\000r\000y\000\040\000E\000s\000t\000i\000m\000a\000t\000i\000o\000n\000\040\000i\000n\000\040\000e\000k\000f\000\137\000n\000o\000d\000e}{section.9.1}% 19
\BOOKMARK [2][-]{subsection.9.1.2}{\376\377\000P\000a\000r\000a\000m\000e\000t\000e\000r\000\040\000c\000h\000a\000n\000g\000i\000n\000g\000\040\000r\000e\000s\000u\000l\000t}{section.9.1}% 20
\BOOKMARK [1][-]{section.9.2}{\376\377\000L\000o\000c\000a\000l\000i\000z\000a\000t\000i\000o\000n\000\040\000m\000a\000p\000\040\000\040\000o\000d\000o\000m}{chapter.9}% 21
\BOOKMARK [2][-]{subsection.9.2.1}{\376\377\000M\000a\000p\000p\000i\000n\000g}{section.9.2}% 22
\BOOKMARK [2][-]{subsection.9.2.2}{\376\377\000O\000n\000l\000y\000\040\000l\000o\000c\000a\000l\000i\000z\000a\000t\000i\000o\000n}{section.9.2}% 23
\BOOKMARK [1][-]{section.9.3}{\376\377\000S\000t\000r\000u\000c\000t\000u\000r\000e\000\040\000N\000a\000v\000i\000g\000a\000t\000i\000o\000n\000\040\000S\000t\000a\000c\000k\000\040\000N\000a\000v\0002}{chapter.9}% 24
\BOOKMARK [2][-]{subsection.9.3.1}{\376\377\000N\000a\000v\000i\000g\000a\000t\000i\000o\000n\000\040\000L\000a\000u\000n\000c\000h\000\040\000f\000i\000l\000e}{section.9.3}% 25
\BOOKMARK [2][-]{subsection.9.3.2}{\376\377\000P\000o\000r\000t\000i\000n\000g\000\040\000R\000O\000S\000\040\0001\000\040\000D\000S\000t\000a\000r\000G\000l\000o\000b\000a\000l\000P\000l\000a\000n\000n\000e\000r\000\040\000t\000o\000\040\000R\000O\000S\000\040\0002}{section.9.3}% 26
\BOOKMARK [0][-]{chapter.10}{\376\377\000J\000o\000b\000o\000t\000\040\000p\000o\000r\000t\000i\000n\000g\000\040\000p\000r\000o\000c\000e\000d\000u\000r\000e\000\040\000t\000o\000\040\000R\000O\000S\000\040\0002}{part.3}% 27
\BOOKMARK [1][-]{section.10.1}{\376\377\000J\000o\000b\000o\000t\000\040\000D\000e\000s\000c\000r\000i\000p\000t\000i\000o\000n}{chapter.10}% 28
\BOOKMARK [1][-]{section.10.2}{\376\377\000W\000h\000a\000t\000\040\000c\000h\000a\000n\000g\000e\000s\000\040\000w\000h\000e\000r\000e\000\040\000m\000a\000d\000e\000\040\000i\000n\000\040\000t\000h\000e\000\040\000c\000o\000d\000e}{chapter.10}% 29
\BOOKMARK [1][-]{section.10.3}{\376\377\000C\000r\000e\000a\000t\000e\000\040\000a\000\040\000m\000o\000d\000e\000l\000\040\000f\000o\000r\000\040\000t\000h\000e\000\040\000s\000i\000m\000u\000l\000a\000t\000i\000o\000n}{chapter.10}% 30
\BOOKMARK [0][-]{chapter.11}{\376\377\000I\000n\000t\000e\000g\000r\000a\000t\000i\000o\000n\000\040\000o\000f\000\040\000t\000h\000e\000\040\000n\000a\000v\000i\000g\000a\000t\000i\000o\000n\000\040\000s\000t\000a\000c\000k\000\040\000w\000i\000t\000h\000\040\000O\000p\000e\000n\000-\000R\000M\000F}{part.3}% 31
\BOOKMARK [1][-]{section.11.1}{\376\377\000T\000r\000a\000f\000f\000i\000c\000\040\000M\000a\000n\000a\000g\000e\000m\000e\000n\000t\000\040\000-\000\040\000R\000o\000u\000t\000e\000\040\000M\000a\000p\000s\000\040\000G\000e\000n\000e\000r\000a\000t\000i\000o\000n}{chapter.11}% 32
\BOOKMARK [1][-]{section.11.2}{\376\377\000R\000M\000F\000\040\000c\000o\000r\000e}{chapter.11}% 33
\BOOKMARK [1][-]{section.11.3}{\376\377\000F\000r\000e\000e\000\040\000F\000l\000e\000e\000t}{chapter.11}% 34
\BOOKMARK [2][-]{subsection.11.3.1}{\376\377\000S\000e\000t\000u\000p\000\040\000f\000l\000e\000e\000t}{section.11.3}% 35
\BOOKMARK [2][-]{subsection.11.3.2}{\376\377\000S\000e\000t\000u\000p\000\040\000Z\000e\000n\000o\000h}{section.11.3}% 36
\BOOKMARK [2][-]{subsection.11.3.3}{\376\377\000L\000a\000u\000n\000c\000h\000i\000n\000g\000\040\000F\000r\000e\000e\000\040\000F\000l\000e\000e\000t}{section.11.3}% 37
\BOOKMARK [1][-]{section.11.4}{\376\377\000W\000e\000b\000\040\000i\000n\000t\000e\000r\000f\000a\000c\000e\000s}{chapter.11}% 38
\BOOKMARK [0][-]{chapter.12}{\376\377\000T\000e\000s\000t\000i\000n\000g\000\040\000a\000n\000d\000\040\000e\000v\000a\000l\000u\000a\000t\000i\000o\000n\000\040\000o\000f\000\040\000t\000h\000e\000\040\000s\000y\000s\000t\000e\000m}{part.3}% 39
\BOOKMARK [-1][-]{part.4}{\376\377\000I\000V\000\040\000R\000e\000s\000u\000l\000t\000s\000\040\000a\000n\000d\000\040\000A\000n\000a\000l\000y\000s\000i\000s}{}% 40
\BOOKMARK [0][-]{chapter.13}{\376\377\000P\000r\000e\000s\000e\000n\000t\000a\000t\000i\000o\000n\000\040\000o\000f\000\040\000r\000e\000s\000u\000l\000t\000s\000\040\000f\000r\000o\000m\000\040\000t\000e\000s\000t\000i\000n\000g\000\040\000a\000n\000d\000\040\000e\000v\000a\000l\000u\000a\000t\000i\000o\000n}{part.4}% 41
\BOOKMARK [1][-]{section.13.1}{\376\377\000P\000o\000r\000t\000i\000n\000g\000\040\000t\000h\000e\000\040\000p\000l\000a\000n\000n\000e\000r}{chapter.13}% 42
\BOOKMARK [1][-]{section.13.2}{\376\377\000R\000o\000v\000e\000r\000R\000o\000b\000o\000t\000i\000c\000s\000\040\000M\000i\000n\000i\000\040\000n\000a\000v\000i\000g\000a\000t\000i\000o\000n\000\040\000r\000e\000s\000u\000l\000t}{chapter.13}% 43
\BOOKMARK [1][-]{section.13.3}{\376\377\000J\000o\000b\000o\000t\000\040\000n\000a\000v\000i\000g\000a\000t\000i\000o\000n\000\040\000r\000e\000s\000u\000l\000t}{chapter.13}% 44
\BOOKMARK [1][-]{section.13.4}{\376\377\000O\000p\000e\000n\000-\000R\000M\000F\000\040\000n\000a\000v\000i\000g\000a\000t\000i\000o\000n\000\040\000r\000e\000s\000u\000l\000t}{chapter.13}% 45
\BOOKMARK [0][-]{chapter.14}{\376\377\000C\000o\000m\000p\000a\000r\000i\000s\000o\000n\000\040\000o\000f\000\040\000s\000y\000s\000t\000e\000m\000\040\000p\000e\000r\000f\000o\000r\000m\000a\000n\000c\000e\000\040\000b\000e\000f\000o\000r\000e\000\040\000a\000n\000d\000\040\000a\000f\000t\000e\000r\000\040\000t\000h\000e\000\040\000p\000o\000r\000t\000i\000n\000g\000\040\000p\000r\000o\000c\000e\000s\000s}{part.4}% 46
\BOOKMARK [1][-]{section.14.1}{\376\377\000P\000l\000a\000n\000n\000e\000r\000\040\000c\000a\000l\000c\000u\000l\000a\000t\000i\000o\000n\000\040\000t\000i\000m\000e\000\040\000c\000o\000m\000p\000a\000r\000i\000s\000a\000t\000i\000o\000n\000\040\000b\000e\000f\000o\000r\000e\000\040\000a\000n\000d\000\040\000a\000f\000t\000e\000r\000\040\000a\000n\000d\000\040\000v\000s\000\040\000n\000e\000w\000\040\000n\000a\000v\0002\000\040\000p\000l\000a\000n\000n\000e\000r}{chapter.14}% 47
\BOOKMARK [1][-]{section.14.2}{\376\377\000c\000o\000m\000p\000a\000r\000i\000s\000a\000t\000i\000o\000n\000\040\000j\000o\000b\000o\000t\000\040\000n\000a\000v\000i\000g\000a\000t\000i\000o\000n}{chapter.14}% 48
\BOOKMARK [1][-]{section.14.3}{\376\377\000r\000e\000s\000u\000l\000t\000\040\000a\000n\000a\000l\000y\000s\000i\000s\000\040\000f\000r\000o\000m\000\040\000O\000p\000e\000n\000-\000R\000M\000F}{chapter.14}% 49
\BOOKMARK [0][-]{chapter.15}{\376\377\000D\000i\000s\000c\000u\000s\000s\000i\000o\000n\000\040\000o\000n\000\040\000t\000h\000e\000\040\000c\000h\000a\000l\000l\000e\000n\000g\000e\000s\000\040\000e\000n\000c\000o\000u\000n\000t\000e\000r\000e\000d\000\040\000a\000n\000d\000\040\000h\000o\000w\000\040\000t\000h\000e\000y\000\040\000w\000e\000r\000e\000\040\000a\000d\000d\000r\000e\000s\000s\000e\000d}{part.4}% 50
\BOOKMARK [-1][-]{part.5}{\376\377\000V\000\040\000C\000o\000n\000c\000l\000u\000s\000i\000o\000n\000\040\000a\000n\000d\000\040\000F\000u\000t\000u\000r\000e\000\040\000W\000o\000r\000k}{}% 51
\BOOKMARK [0][-]{chapter.16}{\376\377\000c\000o\000n\000c\000l\000u\000s\000i\000o\000n}{part.5}% 52
\BOOKMARK [0][-]{chapter.17}{\376\377\000F\000u\000t\000u\000r\000e\000\040\000w\000o\000r\000k}{part.5}% 53
\BOOKMARK [-1][-]{part.6}{\376\377\000V\000I\000\040\000A\000p\000p\000e\000n\000d\000i\000c\000e\000s}{}% 54
\BOOKMARK [0][-]{chapter.18}{\376\377\000S\000i\000m\000u\000l\000a\000t\000i\000o\000n}{part.6}% 55
